<?xml version="1.0" encoding="UTF-8"?>
<testng-results skipped="0" failed="0" ignored="0" total="2" passed="2">
  <reporter-output>
  </reporter-output>
  <suite name="Surefire suite" duration-ms="20360" started-at="2023-07-17T14:56:09 CEST" finished-at="2023-07-17T14:56:29 CEST">
    <groups>
    </groups>
    <test name="Surefire test" duration-ms="20360" started-at="2023-07-17T14:56:09 CEST" finished-at="2023-07-17T14:56:29 CEST">
      <class name="api.tests.PetTests">
        <test-method status="PASS" signature="setuppaylod()[pri:0, instance:api.tests.PetTests@587d1d39]" name="setuppaylod" is-config="true" duration-ms="4" started-at="2023-07-17T14:56:17 CEST" finished-at="2023-07-17T14:56:17 CEST">
          <reporter-output>
          </reporter-output>
        </test-method> <!-- setuppaylod -->
        <test-method status="PASS" signature="testPet()[pri:0, instance:api.tests.PetTests@587d1d39]" name="testPet" duration-ms="12479" started-at="2023-07-17T14:56:17 CEST" finished-at="2023-07-17T14:56:29 CEST">
          <reporter-output>
          </reporter-output>
        </test-method> <!-- testPet -->
      </class> <!-- api.tests.PetTests -->
      <class name="api.tests.OrderTests">
        <test-method status="PASS" signature="setuppaylod()[pri:0, instance:api.tests.OrderTests@27808f31]" name="setuppaylod" is-config="true" duration-ms="8" started-at="2023-07-17T14:56:09 CEST" finished-at="2023-07-17T14:56:09 CEST">
          <reporter-output>
          </reporter-output>
        </test-method> <!-- setuppaylod -->
        <test-method status="PASS" signature="testOrder()[pri:0, instance:api.tests.OrderTests@27808f31]" name="testOrder" duration-ms="7842" started-at="2023-07-17T14:56:09 CEST" finished-at="2023-07-17T14:56:17 CEST">
          <reporter-output>
          </reporter-output>
        </test-method> <!-- testOrder -->
      </class> <!-- api.tests.OrderTests -->
    </test> <!-- Surefire test -->
  </suite> <!-- Surefire suite -->
</testng-results>
