<?xml version="1.0" encoding="UTF-8"?>
<testng-results skipped="0" failed="0" ignored="0" total="0" passed="0">
  <reporter-output>
  </reporter-output>
  <suite name="api.testrunner.TestRunner" duration-ms="8" started-at="2023-07-12T19:02:41 IST" finished-at="2023-07-12T19:02:41 IST">
    <groups>
    </groups>
    <test name="Command line test" duration-ms="8" started-at="2023-07-12T19:02:41 IST" finished-at="2023-07-12T19:02:41 IST">
    </test> <!-- Command line test -->
  </suite> <!-- api.testrunner.TestRunner -->
</testng-results>
