<?xml version="1.0" encoding="UTF-8"?>
<testsuite xmlns:xsi="http://www.w3.org/2001/XMLSchema-instance" xsi:noNamespaceSchemaLocation="https://maven.apache.org/surefire/maven-surefire-plugin/xsd/surefire-test-report-3.0.xsd" version="3.0" name="TestSuite" time="41.235" tests="2" errors="0" skipped="0" failures="0">
  <properties>
[...]
</properties>
  <testcase name="testOrder" classname="api.tests.OrderTests" time="7.845">
    <system-out><![CDATA[HTTP/1.1 200 OK
Date: Mon, 17 Jul 2023 12:56:13 GMT
Content-Type: application/json
Transfer-Encoding: chunked
Connection: keep-alive
Access-Control-Allow-Origin: *
Access-Control-Allow-Methods: GET, POST, DELETE, PUT
Access-Control-Allow-Headers: Content-Type, api_key, Authorization
Server: Jetty(9.2.9.v20150224)

{
    "id": 15,
    "petId": 0,
    "quantity": 200,
    "status": "placed",
    "complete": true
}
HTTP/1.1 200 OK
Date: Mon, 17 Jul 2023 12:56:14 GMT
Content-Type: application/json
Transfer-Encoding: chunked
Connection: keep-alive
Access-Control-Allow-Origin: *
Access-Control-Allow-Methods: GET, POST, DELETE, PUT
Access-Control-Allow-Headers: Content-Type, api_key, Authorization
Server: Jetty(9.2.9.v20150224)

{
    "id": 15,
    "petId": 0,
    "quantity": 200,
    "status": "placed",
    "complete": true
}
HTTP/1.1 200 OK
Date: Mon, 17 Jul 2023 12:56:15 GMT
Content-Type: application/json
Transfer-Encoding: chunked
Connection: keep-alive
Access-Control-Allow-Origin: *
Access-Control-Allow-Methods: GET, POST, DELETE, PUT
Access-Control-Allow-Headers: Content-Type, api_key, Authorization
Server: Jetty(9.2.9.v20150224)

{
    "code": 200,
    "type": "unknown",
    "message": "15"
}
HTTP/1.1 404 Not Found
Date: Mon, 17 Jul 2023 12:56:16 GMT
Content-Type: application/json
Transfer-Encoding: chunked
Connection: keep-alive
Access-Control-Allow-Origin: *
Access-Control-Allow-Methods: GET, POST, DELETE, PUT
Access-Control-Allow-Headers: Content-Type, api_key, Authorization
Server: Jetty(9.2.9.v20150224)

{
    "code": 1,
    "type": "error",
    "message": "Order not found"
}
HTTP/1.1 200 OK
Date: Mon, 17 Jul 2023 12:56:17 GMT
Content-Type: application/json
Transfer-Encoding: chunked
Connection: keep-alive
Access-Control-Allow-Origin: *
Access-Control-Allow-Methods: GET, POST, DELETE, PUT
Access-Control-Allow-Headers: Content-Type, api_key, Authorization
Server: Jetty(9.2.9.v20150224)

{
    "sold": 3,
    "string": 684,
    "unavailable": 4,
    "pending": 1,
    "available": 230,
    "Not Available": 3,
    "dead": 1,
    "peric": 1
}
]]></system-out>
  </testcase>
  <testcase name="testPet" classname="api.tests.PetTests" time="12.479">
    <system-out><![CDATA[HTTP/1.1 200 OK
Date: Mon, 17 Jul 2023 12:56:19 GMT
Content-Type: application/json
Transfer-Encoding: chunked
Connection: keep-alive
Access-Control-Allow-Origin: *
Access-Control-Allow-Methods: GET, POST, DELETE, PUT
Access-Control-Allow-Headers: Content-Type, api_key, Authorization
Server: Jetty(9.2.9.v20150224)

{
    "id": 1623,
    "category": {
        "id": 1524,
        "name": "GoldenRetriver1234"
    },
    "name": "RioG",
    "photoUrls": [
        
    ],
    "tags": [
        {
            "id": 1523,
            "name": "ABCDEF"
        }
    ],
    "status": "available"
}
HTTP/1.1 200 OK
Date: Mon, 17 Jul 2023 12:56:20 GMT
Content-Type: application/json
Transfer-Encoding: chunked
Connection: keep-alive
Access-Control-Allow-Origin: *
Access-Control-Allow-Methods: GET, POST, DELETE, PUT
Access-Control-Allow-Headers: Content-Type, api_key, Authorization
Server: Jetty(9.2.9.v20150224)

{
    "id": 1623,
    "category": {
        "id": 1524,
        "name": "GoldenRetriver1234"
    },
    "name": "RioG",
    "photoUrls": [
        
    ],
    "tags": [
        {
            "id": 1523,
            "name": "ABCDEF"
        }
    ],
    "status": "available"
}
HTTP/1.1 200 OK
Date: Mon, 17 Jul 2023 12:56:21 GMT
Content-Type: application/json
Transfer-Encoding: chunked
Connection: keep-alive
Access-Control-Allow-Origin: *
Access-Control-Allow-Methods: GET, POST, DELETE, PUT
Access-Control-Allow-Headers: Content-Type, api_key, Authorization
Server: Jetty(9.2.9.v20150224)

{
    "id": 1623,
    "category": {
        "id": 0
    },
    "name": "RioGold",
    "photoUrls": [
        
    ],
    "tags": [
        {
            "id": 1523,
            "name": "ABCDEF"
        }
    ],
    "status": "pending"
}
HTTP/1.1 200 OK
Date: Mon, 17 Jul 2023 12:56:22 GMT
Content-Type: application/json
Transfer-Encoding: chunked
Connection: keep-alive
Access-Control-Allow-Origin: *
Access-Control-Allow-Methods: GET, POST, DELETE, PUT
Access-Control-Allow-Headers: Content-Type, api_key, Authorization
Server: Jetty(9.2.9.v20150224)

{
    "id": 1623,
    "category": {
        "id": 0
    },
    "name": "RioGold",
    "photoUrls": [
        
    ],
    "tags": [
        {
            "id": 1523,
            "name": "ABCDEF"
        }
    ],
    "status": "pending"
}
HTTP/1.1 200 OK
Date: Mon, 17 Jul 2023 12:56:23 GMT
Content-Type: application/json
Transfer-Encoding: chunked
Connection: keep-alive
Access-Control-Allow-Origin: *
Access-Control-Allow-Methods: GET, POST, DELETE, PUT
Access-Control-Allow-Headers: Content-Type, api_key, Authorization
Server: Jetty(9.2.9.v20150224)

{
    "code": 200,
    "type": "unknown",
    "message": "1623"
}
HTTP/1.1 200 OK
Date: Mon, 17 Jul 2023 12:56:24 GMT
Content-Type: application/json
Transfer-Encoding: chunked
Connection: keep-alive
Access-Control-Allow-Origin: *
Access-Control-Allow-Methods: GET, POST, DELETE, PUT
Access-Control-Allow-Headers: Content-Type, api_key, Authorization
Server: Jetty(9.2.9.v20150224)

[
    {
        "id": 68,
        "category": {
            "id": 68,
            "name": "bagworm"
        },
        "name": "bagworm",
        "photoUrls": [
            "6NV0"
        ],
        "tags": [
            {
                "id": 68,
                "name": "bagworm"
            }
        ],
        "status": "sold"
    },
    {
        "id": 17,
        "category": {
            "id": 0
        },
        "name": "crunch",
        "photoUrls": [
            
        ],
        "tags": [
            
        ],
        "status": "sold"
    },
    {
        "id": 347,
        "category": {
            "id": 0
        },
        "name": "crunch",
        "photoUrls": [
            
        ],
        "tags": [
            
        ],
        "status": "sold"
    },
    {
        "id": 1623,
        "category": {
            "id": 0
        },
        "name": "Rio_Jagtap",
        "photoUrls": [
            
        ],
        "tags": [
            {
                "id": 1523,
                "name": "ABCDEF"
            }
        ],
        "status": "sold"
    }
]
HTTP/1.1 200 OK
Date: Mon, 17 Jul 2023 12:56:26 GMT
Content-Type: application/json
Transfer-Encoding: chunked
Connection: keep-alive
Access-Control-Allow-Origin: *
Access-Control-Allow-Methods: GET, POST, DELETE, PUT
Access-Control-Allow-Headers: Content-Type, api_key, Authorization
Server: Jetty(9.2.9.v20150224)

{
    "id": 1623,
    "category": {
        "id": 0
    },
    "name": "Rio_Jagtap",
    "photoUrls": [
        
    ],
    "tags": [
        {
            "id": 1523,
            "name": "ABCDEF"
        }
    ],
    "status": "sold"
}
HTTP/1.1 200 OK
Date: Mon, 17 Jul 2023 12:56:28 GMT
Content-Type: application/json
Transfer-Encoding: chunked
Connection: keep-alive
Access-Control-Allow-Origin: *
Access-Control-Allow-Methods: GET, POST, DELETE, PUT
Access-Control-Allow-Headers: Content-Type, api_key, Authorization
Server: Jetty(9.2.9.v20150224)

{
    "code": 200,
    "type": "unknown",
    "message": "1623"
}
HTTP/1.1 404 Not Found
Date: Mon, 17 Jul 2023 12:56:30 GMT
Content-Type: application/json
Transfer-Encoding: chunked
Connection: keep-alive
Access-Control-Allow-Origin: *
Access-Control-Allow-Methods: GET, POST, DELETE, PUT
Access-Control-Allow-Headers: Content-Type, api_key, Authorization
Server: Jetty(9.2.9.v20150224)

{
    "code": 1,
    "type": "error",
    "message": "Pet not found"
}
]]></system-out>
  </testcase>
</testsuite>